<?xml version="1.0" encoding="UTF-8"?>
<testng-results ignored="0" total="1" passed="1" failed="0" skipped="0">
  <reporter-output>
    <line>
      <![CDATA[i am run method]]>
    </line>
  </reporter-output>
  <suite started-at="2020-08-06T15:30:44 IST" name="Default suite" finished-at="2020-08-06T15:30:44 IST" duration-ms="53">
    <groups>
    </groups>
    <test started-at="2020-08-06T15:30:44 IST" name="Default test" finished-at="2020-08-06T15:30:44 IST" duration-ms="53">
      <class name="com.actitime.timetrack.MavenTesting">
        <test-method signature="run()[pri:0, instance:com.actitime.timetrack.MavenTesting@3901d134]" started-at="2020-08-06T15:30:44 IST" name="run" finished-at="2020-08-06T15:30:44 IST" duration-ms="9" status="PASS">
          <reporter-output>
            <line>
              <![CDATA[i am run method]]>
            </line>
          </reporter-output>
        </test-method> <!-- run -->
      </class> <!-- com.actitime.timetrack.MavenTesting -->
    </test> <!-- Default test -->
  </suite> <!-- Default suite -->
</testng-results>
